#
# There is insufficient memory for the Java Runtime Environment to continue.
# Native memory allocation (mmap) failed to map 4194304 bytes for G1 virtual space
# Possible reasons:
#   The system is out of physical RAM or swap space
#   The process is running with CompressedOops enabled, and the Java Heap may be blocking the growth of the native heap
# Possible solutions:
#   Reduce memory load on the system
#   Increase physical memory or swap space
#   Check if swap backing store is full
#   Decrease Java heap size (-Xmx/-Xms)
#   Decrease number of Java threads
#   Decrease Java thread stack sizes (-Xss)
#   Set larger code cache with -XX:ReservedCodeCacheSize=
#   JVM is running with Zero Based Compressed Oops mode in which the Java heap is
#     placed in the first 32GB address space. The Java Heap base address is the
#     maximum limit for the native heap growth. Please use -XX:HeapBaseMinAddress
#     to set the Java Heap base and to place the Java Heap above 32GB virtual address.
# This output file may be truncated or incomplete.
#
#  Out of Memory Error (os_windows.cpp:3600), pid=9996, tid=10536
#
# JRE version:  (21.0.5+9) (build )
# Java VM: Java HotSpot(TM) 64-Bit Server VM (21.0.5+9-LTS-239, mixed mode, sharing, tiered, compressed oops, compressed class ptrs, g1 gc, windows-amd64)
# No core dump will be written. Minidumps are not enabled by default on client versions of Windows
#

---------------  S U M M A R Y ------------

Command Line: -Dnet.bytebuddy.agent.attacher.dump= net.bytebuddy.agent.Attacher com.sun.tools.attach.VirtualMachine 16024 C:\Users\Dilon\.m2\repository\net\bytebuddy\byte-buddy-agent\1.15.11\byte-buddy-agent-1.15.11.jar false 

Host: Intel(R) Core(TM) i7-7700HQ CPU @ 2.80GHz, 8 cores, 15G,  Windows 10 , 64 bit Build 19041 (10.0.19041.5198)
Time: Fri Feb  7 14:59:12 2025 SE Asia Standard Time elapsed time: 0.011270 seconds (0d 0h 0m 0s)

---------------  T H R E A D  ---------------

Current thread (0x00000120916c2de0):  JavaThread "Unknown thread" [_thread_in_vm, id=10536, stack(0x0000001580400000,0x0000001580500000) (1024K)]

Stack: [0x0000001580400000,0x0000001580500000]
Native frames: (J=compiled Java code, j=interpreted, Vv=VM code, C=native code)
V  [jvm.dll+0x6ca289]
V  [jvm.dll+0x854a51]
V  [jvm.dll+0x856f7e]
V  [jvm.dll+0x857653]
V  [jvm.dll+0x27dd26]
V  [jvm.dll+0x6c6a25]
V  [jvm.dll+0x6bb5aa]
V  [jvm.dll+0x35359a]
V  [jvm.dll+0x35b1f6]
V  [jvm.dll+0x3adaf3]
V  [jvm.dll+0x3add88]
V  [jvm.dll+0x3278fc]
V  [jvm.dll+0x32845b]
V  [jvm.dll+0x81de19]
V  [jvm.dll+0x3ba7c1]
V  [jvm.dll+0x807168]
V  [jvm.dll+0x44f96e]
V  [jvm.dll+0x451561]
C  [jli.dll+0x52a3]
C  [ucrtbase.dll+0x21bb2]
C  [KERNEL32.DLL+0x17374]
C  [ntdll.dll+0x4cc91]


---------------  P R O C E S S  ---------------

Threads class SMR info:
_java_thread_list=0x00007ffb6b2aac08, length=0, elements={
}

Java Threads: ( => current thread )
Total: 0

Other Threads:
  0x000001209169f6e0 WorkerThread "GC Thread#0"                     [id=14900, stack(0x0000001580500000,0x0000001580600000) (1024K)]
  0x0000012093837fc0 ConcurrentGCThread "G1 Main Marker"            [id=15912, stack(0x0000001580600000,0x0000001580700000) (1024K)]
  0x000001209169e860 WorkerThread "G1 Conc#0"                       [id=7832, stack(0x0000001580700000,0x0000001580800000) (1024K)]

[error occurred during error reporting (printing all threads), id 0xc0000005, EXCEPTION_ACCESS_VIOLATION (0xc0000005) at pc=0x00007ffb6aa1a087]
VM state: not at safepoint (not fully initialized)

VM Mutex/Monitor currently owned by a thread:  ([mutex/lock_event])
[0x00007ffb6b31bf98] Heap_lock - owner thread: 0x00000120916c2de0

Heap address: 0x0000000701c00000, size: 4068 MB, Compressed Oops mode: Zero based, Oop shift amount: 3

CDS archive(s) mapped at: [0x0000000000000000-0x0000000000000000-0x0000000000000000), size 0, SharedBaseAddress: 0x0000000800000000, ArchiveRelocationMode: 1.
Narrow klass base: 0x0000000000000000, Narrow klass shift: 0, Narrow klass range: 0x0

GC Precious Log:
 CardTable entry size: 512
 Card Set container configuration: InlinePtr #cards 4 size 8 Array Of Cards #cards 16 size 48 Howl #buckets 8 coarsen threshold 3686 Howl Bitmap #cards 512 size 80 coarsen threshold 460 Card regions per heap region 1 cards per card region 4096

Heap:
 garbage-first heap   total 0K, used 0K [0x0000000701c00000, 0x0000000800000000)
  region size 2048K, 0 young (0K), 0 survivors (0K)

[error occurred during error reporting (printing heap information), id 0xc0000005, EXCEPTION_ACCESS_VIOLATION (0xc0000005) at pc=0x00007ffb6ae03259]
GC Heap History (0 events):
No events

Dll operation events (1 events):
Event: 0.007 Loaded shared library C:\Program Files\Java\jdk-21\bin\java.dll

Deoptimization events (0 events):
No events

Classes loaded (0 events):
No events

Classes unloaded (0 events):
No events

Classes redefined (0 events):
No events

Internal exceptions (0 events):
No events

ZGC Phase Switch (0 events):
No events

VM Operations (0 events):
No events

Events (0 events):
No events


Dynamic libraries:
0x00007ff6cc710000 - 0x00007ff6cc720000 	C:\Program Files\Java\jdk-21\bin\java.exe
0x00007ffbbb150000 - 0x00007ffbbb348000 	C:\WINDOWS\SYSTEM32\ntdll.dll
0x00007ffbb9cb0000 - 0x00007ffbb9d72000 	C:\WINDOWS\System32\KERNEL32.DLL
0x00007ffbb87e0000 - 0x00007ffbb8adf000 	C:\WINDOWS\System32\KERNELBASE.dll
0x00007ffbb8b30000 - 0x00007ffbb8c30000 	C:\WINDOWS\System32\ucrtbase.dll
0x00007ffb9d030000 - 0x00007ffb9d049000 	C:\Program Files\Java\jdk-21\bin\jli.dll
0x00007ffba0050000 - 0x00007ffba006b000 	C:\Program Files\Java\jdk-21\bin\VCRUNTIME140.dll
0x00007ffbb9760000 - 0x00007ffbb9811000 	C:\WINDOWS\System32\ADVAPI32.dll
0x00007ffbb96b0000 - 0x00007ffbb974e000 	C:\WINDOWS\System32\msvcrt.dll
0x00007ffbb9380000 - 0x00007ffbb941f000 	C:\WINDOWS\System32\sechost.dll
0x00007ffbb9b80000 - 0x00007ffbb9ca3000 	C:\WINDOWS\System32\RPCRT4.dll
0x00007ffbb8d80000 - 0x00007ffbb8da7000 	C:\WINDOWS\System32\bcrypt.dll
0x00007ffbbaf70000 - 0x00007ffbbb10d000 	C:\WINDOWS\System32\USER32.dll
0x00007ffbb8c30000 - 0x00007ffbb8c52000 	C:\WINDOWS\System32\win32u.dll
0x00007ffba1e50000 - 0x00007ffba20ea000 	C:\WINDOWS\WinSxS\amd64_microsoft.windows.common-controls_6595b64144ccf1df_6.0.19041.4355_none_60b8b9eb71f62e16\COMCTL32.dll
0x00007ffbb9350000 - 0x00007ffbb937b000 	C:\WINDOWS\System32\GDI32.dll
0x00007ffbb8c60000 - 0x00007ffbb8d77000 	C:\WINDOWS\System32\gdi32full.dll
0x00007ffbb90c0000 - 0x00007ffbb915d000 	C:\WINDOWS\System32\msvcp_win.dll
0x00007ffbae310000 - 0x00007ffbae31a000 	C:\WINDOWS\SYSTEM32\VERSION.dll
0x00007ffbb9610000 - 0x00007ffbb963f000 	C:\WINDOWS\System32\IMM32.DLL
0x00007ffbaa6a0000 - 0x00007ffbaa6ac000 	C:\Program Files\Java\jdk-21\bin\vcruntime140_1.dll
0x00007ffb89150000 - 0x00007ffb891de000 	C:\Program Files\Java\jdk-21\bin\msvcp140.dll
0x00007ffb6a6e0000 - 0x00007ffb6b3f8000 	C:\Program Files\Java\jdk-21\bin\server\jvm.dll
0x00007ffbb9640000 - 0x00007ffbb96ab000 	C:\WINDOWS\System32\WS2_32.dll
0x00007ffbb7ce0000 - 0x00007ffbb7d2b000 	C:\WINDOWS\SYSTEM32\POWRPROF.dll
0x00007ffba49c0000 - 0x00007ffba49e7000 	C:\WINDOWS\SYSTEM32\WINMM.dll
0x00007ffbb7ba0000 - 0x00007ffbb7bb2000 	C:\WINDOWS\SYSTEM32\UMPDC.dll
0x00007ffbb6620000 - 0x00007ffbb6632000 	C:\WINDOWS\SYSTEM32\kernel.appcore.dll
0x00007ffba0b50000 - 0x00007ffba0b5a000 	C:\Program Files\Java\jdk-21\bin\jimage.dll
0x00007ffba4080000 - 0x00007ffba4264000 	C:\WINDOWS\SYSTEM32\DBGHELP.DLL
0x00007ffb89430000 - 0x00007ffb89464000 	C:\WINDOWS\SYSTEM32\dbgcore.DLL
0x00007ffbb8db0000 - 0x00007ffbb8e32000 	C:\WINDOWS\System32\bcryptPrimitives.dll
0x00007ffb9c820000 - 0x00007ffb9c83f000 	C:\Program Files\Java\jdk-21\bin\java.dll

dbghelp: loaded successfully - version: 4.0.5 - missing functions: none
symbol engine: initialized successfully - sym options: 0x614 - pdb path: .;C:\Program Files\Java\jdk-21\bin;C:\WINDOWS\SYSTEM32;C:\WINDOWS\WinSxS\amd64_microsoft.windows.common-controls_6595b64144ccf1df_6.0.19041.4355_none_60b8b9eb71f62e16;C:\Program Files\Java\jdk-21\bin\server

VM Arguments:
jvm_args: -Dnet.bytebuddy.agent.attacher.dump= 
java_command: net.bytebuddy.agent.Attacher com.sun.tools.attach.VirtualMachine 16024 C:\Users\Dilon\.m2\repository\net\bytebuddy\byte-buddy-agent\1.15.11\byte-buddy-agent-1.15.11.jar false 
java_class_path (initial): C:\Users\Dilon\.m2\repository\net\bytebuddy\byte-buddy-agent\1.15.11\byte-buddy-agent-1.15.11.jar
Launcher Type: SUN_STANDARD

[Global flags]
     intx CICompilerCount                          = 4                                         {product} {ergonomic}
     uint ConcGCThreads                            = 2                                         {product} {ergonomic}
     uint G1ConcRefinementThreads                  = 8                                         {product} {ergonomic}
   size_t G1HeapRegionSize                         = 2097152                                   {product} {ergonomic}
    uintx GCDrainStackTargetSize                   = 64                                        {product} {ergonomic}
   size_t InitialHeapSize                          = 268435456                                 {product} {ergonomic}
   size_t MarkStackSize                            = 4194304                                   {product} {ergonomic}
   size_t MaxHeapSize                              = 4265607168                                {product} {ergonomic}
   size_t MinHeapDeltaBytes                        = 2097152                                   {product} {ergonomic}
   size_t MinHeapSize                              = 8388608                                   {product} {ergonomic}
    uintx NonNMethodCodeHeapSize                   = 5839372                                {pd product} {ergonomic}
    uintx NonProfiledCodeHeapSize                  = 122909434                              {pd product} {ergonomic}
    uintx ProfiledCodeHeapSize                     = 122909434                              {pd product} {ergonomic}
    uintx ReservedCodeCacheSize                    = 251658240                              {pd product} {ergonomic}
     bool SegmentedCodeCache                       = true                                      {product} {ergonomic}
   size_t SoftMaxHeapSize                          = 4265607168                             {manageable} {ergonomic}
     bool UseCompressedOops                        = true                           {product lp64_product} {ergonomic}
     bool UseG1GC                                  = true                                      {product} {ergonomic}
     bool UseLargePagesIndividualAllocation        = false                                  {pd product} {ergonomic}

Logging:
Log output configuration:
 #0: stdout all=warning uptime,level,tags foldmultilines=false
 #1: stderr all=off uptime,level,tags foldmultilines=false

Environment Variables:
PATH=C:\xampp\php;C:\Program Files\Common Files\Oracle\Java\javapath;C:\Program Files\Eclipse Adoptium\jdk-17.0.5.8-hotspot\bin;C:\ProgramData\Oracle\Java\javapath;C:\Program Files (x86)\Common Files\Oracle\Java\javapath;C:\MinGW\libexec\gcc\mingw32\6.3.0;C:\Program Files\Python39\Scripts\;C:\Program Files\Python39\;C:\Program Files (x86)\Intel\iCLS Client\;C:\Program Files\Intel\iCLS Client\;C:\Windows\system32;C:\Windows;C:\Windows\System32\Wbem;C:\Windows\System32\WindowsPowerShell\v1.0\;C:\Program Files\Intel\WiFi\bin\;C:\Program Files\Common Files\Intel\WirelessCommon\;C:\Program Files (x86)\NVIDIA Corporation\PhysX\Common;C:\Program Files (x86)\Intel\Intel(R) Management Engine Components\DAL;C:\Program Files\Intel\Intel(R) Management Engine Components\DAL;C:\Program Files (x86)\Intel\Intel(R) Management Engine Components\IPT;C:\MinGW\libexec\gcc\mingw32\6.3.0;C:\WINDOWS\system32;C:\WINDOWS;C:\WINDOWS\System32\Wbem;C:\WINDOWS\System32\WindowsPowerShell\v1.0\;C:\WINDOWS\System32\OpenSSH\;C:\Program Files\NVIDIA Corporation\NVIDIA NvDLISR;C:\MinGW\bin;C:\Program Files\MySQL\MySQL Server 8.0\bin;C:\Program Files\Microsoft SQL Server\Client SDK\ODBC\170\Tools\Binn\;C:\Program Files\Microsoft SQL Server\150\DTS\Binn\;C:\Program Files\MySQL\MySQL Shell 8.0\bin\;C:\Users\Dilon\AppData\Local\Programs\Python\Python37\Scripts\;C:\Users\Dilon\AppData\Local\Programs\Python\Python37\;C:\Users\Dilon\AppData\Local\Microsoft\WindowsApps;C:\Users\Dilon\AppData\Local\Programs\Microsoft VS Code\bin;C:\xampp\php;C:\Program Files\Git\cmd;C:\Program Files\Microsoft SQL Server\140\DTS\Binn\;C:\Program Files\Microsoft SQL Server\160\DTS\Binn\;C:\Program Files\Go\bin;C:\Program Files\nodejs\;C:\Program Files (x86)\Microsoft SQL Server\160\Tools\Binn\;C:\Program Files\Microsoft SQL Server\160\Tools\Binn\;C:\Program Files (x86)\Microsoft SQL Server\150\Tools\Binn\;C:\Program Files\Microsoft SQL Server\150\Tools\Binn\;C:\Program Files (x86)\Microsoft SQL Server\150\DTS\Binn\;C:\Program Files\Cloudflare\Cloudflare WARP\;C:\Program Files\apache-maven-3.9.9\bin;;C:\Program Files\Docker\Docker\resources\bin;C:\Program Files\MySQL\MySQL Shell 8.0\bin\;C:\Users\Dilon\AppData\Local\Programs\Python\Python310\Scripts\;C:\Users\Dilon\AppData\Local\Programs\Python\Python310\;C:\Users\Dilon\AppData\Local\Microsoft\WindowsApps;C:\Program Files\Intel\WiFi\bin\;C:\Program Files\Common Files\Intel\WirelessCommon\;C:\Users\Dilon\AppData\Local\Programs\Microsoft VS Code\bin;C:\Program Files\Azure Data Studio\bin;C:\Users\Dilon\AppData\Local\ComposerSetup\bin;C:\Users\Dilon\AppData\Roaming\Composer\vendor\bin;D:\WebStorm 2022.3.2\bin;;D:\PyCharm 2022.3.2\bin;;C:\Users\Dilon\go\bin;D:\download\wallpaper\ffmpeg-n6.1-latest-win64-lgpl-6.1\bin;C:\Users\Dilon\AppData\Roaming\npm;C:\Program Files\Azure Data Studio\bin;D:\download\flutter\bin;C:\Users\Dilon\AppData\Local\GitHubDesktop\bin;
USERNAME=Dilon
OS=Windows_NT
PROCESSOR_IDENTIFIER=Intel64 Family 6 Model 158 Stepping 9, GenuineIntel
TMP=C:\Users\Dilon\AppData\Local\Temp
TEMP=C:\Users\Dilon\AppData\Local\Temp




Periodic native trim disabled

---------------  S Y S T E M  ---------------

OS:
 Windows 10 , 64 bit Build 19041 (10.0.19041.5198)
OS uptime: 0 days 7:20 hours
Hyper-V role detected

CPU: total 8 (initial active 8) (4 cores per cpu, 2 threads per core) family 6 model 158 stepping 9 microcode 0xb4, cx8, cmov, fxsr, ht, mmx, 3dnowpref, sse, sse2, sse3, ssse3, sse4.1, sse4.2, popcnt, lzcnt, tsc, tscinvbit, avx, avx2, aes, erms, clmul, bmi1, bmi2, adx, fma, vzeroupper, clflush, clflushopt, hv, rdtscp, f16c
Processor Information for all 8 processors :
  Max Mhz: 2808, Current Mhz: 2808, Mhz Limit: 2808

Memory: 4k page, system-wide physical 16268M (1679M free)
TotalPageFile size 16268M (AvailPageFile size 5M)
current process WorkingSet (physical memory assigned to process): 10M, peak: 10M
current process commit charge ("private bytes"): 316M, peak: 320M

vm_info: Java HotSpot(TM) 64-Bit Server VM (21.0.5+9-LTS-239) for windows-amd64 JRE (21.0.5+9-LTS-239), built on 2024-09-30T05:17:38Z by "mach5one" with MS VC++ 17.6 (VS2022)

END.
